Base path: 'C:/Program Files/Unity/Hub/Editor/2019.4.24f1/Editor/Data', plugins path 'C:/Program Files/Unity/Hub/Editor/2019.4.24f1/Editor/Data/PlaybackEngines'
Cmd: initializeCompiler
Cmd: compileComputeKernel
  api=4 insize=775 outsize=14204 ok=1
Cmd: compileComputeKernel
  api=4 insize=958 outsize=1465 ok=1
Cmd: compileComputeKernel
  api=4 insize=958 outsize=1528 ok=1
Cmd: compileComputeKernel
  api=4 insize=222 outsize=628 ok=1
Cmd: compileComputeKernel
  api=4 insize=759 outsize=854 ok=1
Cmd: compileComputeKernel
  api=4 insize=759 outsize=848 ok=1
Cmd: compileComputeKernel
  api=4 insize=3405 outsize=35766 ok=1
Cmd: compileComputeKernel
  api=4 insize=13751 outsize=1848 ok=1
Cmd: compileComputeKernel
  api=4 insize=13751 outsize=1364 ok=1
Cmd: compileComputeKernel
  api=4 insize=20570 outsize=14148 ok=1
Cmd: compileComputeKernel
  api=4 insize=82071 outsize=2795 ok=1
Cmd: compileComputeKernel
  api=4 insize=82071 outsize=2187 ok=1
Cmd: compileComputeKernel
  api=4 insize=82071 outsize=1489 ok=1
Cmd: compileComputeKernel
  api=4 insize=82071 outsize=2077 ok=1
Cmd: compileComputeKernel
  api=4 insize=82071 outsize=3271 ok=1
Cmd: compileComputeKernel
  api=4 insize=82071 outsize=3372 ok=1
Cmd: compileComputeKernel
  api=4 insize=82071 outsize=1894 ok=1
Cmd: compileComputeKernel
  api=4 insize=82071 outsize=3553 ok=1
Cmd: compileComputeKernel
  api=4 insize=82071 outsize=3399 ok=1
Cmd: compileComputeKernel
  api=4 insize=82071 outsize=3916 ok=1
Cmd: compileComputeKernel
  api=4 insize=82071 outsize=3407 ok=1
Cmd: compileComputeKernel
  api=4 insize=82071 outsize=5039 ok=1
Cmd: compileComputeKernel
  api=4 insize=82071 outsize=5194 ok=1
Cmd: compileComputeKernel
  api=4 insize=82071 outsize=5218 ok=1
Cmd: compileComputeKernel
  api=4 insize=82071 outsize=3554 ok=1
Cmd: compileComputeKernel
  api=4 insize=82071 outsize=3310 ok=1
Cmd: compileComputeKernel
  api=4 insize=82071 outsize=2302 ok=1
Cmd: compileComputeKernel
  api=4 insize=467 outsize=5893 ok=1
Cmd: compileComputeKernel
  api=4 insize=11929 outsize=2246 ok=1
Cmd: compileComputeKernel
  api=4 insize=11929 outsize=2884 ok=1
Cmd: compileComputeKernel
  api=4 insize=18478 outsize=37036 ok=1
Cmd: compileComputeKernel
  api=4 insize=76455 outsize=7888 ok=1
Cmd: compileComputeKernel
  api=4 insize=13363 outsize=10970 ok=1
Cmd: compileComputeKernel
  api=4 insize=958 outsize=1494 ok=1
Cmd: compileComputeKernel
  api=4 insize=3167 outsize=1927 ok=1
Cmd: compileComputeKernel
  api=4 insize=10641 outsize=677 ok=1
Cmd: compileComputeKernel
  api=4 insize=10641 outsize=855 ok=1
Cmd: compileComputeKernel
  api=4 insize=10641 outsize=854 ok=1
Cmd: compileComputeKernel
  api=4 insize=10641 outsize=882 ok=1
Cmd: compileComputeKernel
  api=4 insize=10641 outsize=886 ok=1
Cmd: compileComputeKernel
  api=4 insize=10641 outsize=881 ok=1
Cmd: compileComputeKernel
  api=4 insize=10641 outsize=1258 ok=1
Cmd: compileComputeKernel
  api=4 insize=10641 outsize=1497 ok=1
Cmd: compileComputeKernel
  api=4 insize=10641 outsize=1402 ok=1
Cmd: compileComputeKernel
  api=4 insize=10641 outsize=1311 ok=1
Cmd: compileComputeKernel
  api=4 insize=10641 outsize=1843 ok=1
Cmd: compileComputeKernel
  api=4 insize=10641 outsize=1565 ok=1
Cmd: compileComputeKernel
  api=4 insize=10641 outsize=1287 ok=1
Cmd: compileComputeKernel
  api=4 insize=10641 outsize=1384 ok=1
Cmd: compileComputeKernel
  api=4 insize=4442 outsize=1750 ok=1
Unhandled exception: Read from shader compiler process failed: error -2147483644, 0/4 bytes read

Quitting shader compiler process
