Base path: 'C:/Program Files/Unity/Hub/Editor/2019.4.24f1/Editor/Data', plugins path 'C:/Program Files/Unity/Hub/Editor/2019.4.24f1/Editor/Data/PlaybackEngines'
Cmd: initializeCompiler
Cmd: compileComputeKernel
  api=4 insize=958 outsize=1465 ok=1
Cmd: compileComputeKernel
  api=4 insize=222 outsize=769 ok=1
Cmd: compileComputeKernel
  api=4 insize=759 outsize=910 ok=1
Cmd: compileComputeKernel
  api=4 insize=759 outsize=1134 ok=1
Cmd: compileComputeKernel
  api=4 insize=3405 outsize=24465 ok=1
Cmd: compileComputeKernel
  api=4 insize=13751 outsize=1099 ok=1
Cmd: compileComputeKernel
  api=4 insize=13751 outsize=2218 ok=1
Cmd: compileComputeKernel
  api=4 insize=82071 outsize=2850 ok=1
Cmd: compileComputeKernel
  api=4 insize=82071 outsize=2479 ok=1
Cmd: compileComputeKernel
  api=4 insize=82071 outsize=1489 ok=1
Cmd: compileComputeKernel
  api=4 insize=82071 outsize=1407 ok=1
Cmd: compileComputeKernel
  api=4 insize=82071 outsize=3412 ok=1
Cmd: compileComputeKernel
  api=4 insize=82071 outsize=3373 ok=1
Cmd: compileComputeKernel
  api=4 insize=82071 outsize=3471 ok=1
Cmd: compileComputeKernel
  api=4 insize=82071 outsize=3635 ok=1
Cmd: compileComputeKernel
  api=4 insize=82071 outsize=3684 ok=1
Cmd: compileComputeKernel
  api=4 insize=82071 outsize=3375 ok=1
Cmd: compileComputeKernel
  api=4 insize=82071 outsize=3576 ok=1
Cmd: compileComputeKernel
  api=4 insize=82071 outsize=5479 ok=1
Cmd: compileComputeKernel
  api=4 insize=82071 outsize=5073 ok=1
Cmd: compileComputeKernel
  api=4 insize=82071 outsize=3414 ok=1
Cmd: compileComputeKernel
  api=4 insize=82071 outsize=3429 ok=1
Cmd: compileComputeKernel
  api=4 insize=82071 outsize=1590 ok=1
Cmd: compileComputeKernel
  api=4 insize=82071 outsize=1750 ok=1
Cmd: compileComputeKernel
  api=4 insize=82071 outsize=1927 ok=1
Cmd: compileComputeKernel
  api=4 insize=467 outsize=2213 ok=1
Cmd: compileComputeKernel
  api=4 insize=11929 outsize=2274 ok=1
Cmd: compileComputeKernel
  api=4 insize=11929 outsize=2340 ok=1
Cmd: compileComputeKernel
  api=4 insize=4458 outsize=3368 ok=1
Cmd: compileComputeKernel
  api=4 insize=76455 outsize=5015 ok=1
Cmd: compileComputeKernel
  api=4 insize=467 outsize=3147 ok=1
Cmd: compileComputeKernel
  api=4 insize=958 outsize=1497 ok=1
Cmd: compileComputeKernel
  api=4 insize=958 outsize=1765 ok=1
Cmd: compileComputeKernel
  api=4 insize=776 outsize=6364 ok=1
Cmd: compileComputeKernel
  api=4 insize=10641 outsize=674 ok=1
Cmd: compileComputeKernel
  api=4 insize=10641 outsize=675 ok=1
Cmd: compileComputeKernel
  api=4 insize=10641 outsize=701 ok=1
Cmd: compileComputeKernel
  api=4 insize=10641 outsize=762 ok=1
Cmd: compileComputeKernel
  api=4 insize=10641 outsize=787 ok=1
Cmd: compileComputeKernel
  api=4 insize=10641 outsize=772 ok=1
Cmd: compileComputeKernel
  api=4 insize=10641 outsize=804 ok=1
Cmd: compileComputeKernel
  api=4 insize=10641 outsize=1796 ok=1
Cmd: compileComputeKernel
  api=4 insize=10641 outsize=1392 ok=1
Cmd: compileComputeKernel
  api=4 insize=10641 outsize=1359 ok=1
Cmd: compileComputeKernel
  api=4 insize=10641 outsize=1284 ok=1
Cmd: compileComputeKernel
  api=4 insize=10641 outsize=1324 ok=1
Cmd: compileComputeKernel
  api=4 insize=10641 outsize=1628 ok=1
Cmd: compileComputeKernel
  api=4 insize=10641 outsize=1224 ok=1
Cmd: compileComputeKernel
  api=4 insize=10641 outsize=1361 ok=1
Cmd: compileComputeKernel
  api=4 insize=4442 outsize=1590 ok=1
Unhandled exception: Read from shader compiler process failed: error -2147483644, 0/4 bytes read

Quitting shader compiler process
